[Sun, 13 Jul 14 23:52:53 +1000][DEBUG] Public page read in Pcan\Controllers\ControllerBase
[Sun, 13 Jul 14 23:53:03 +1000][DEBUG] Private page comment in Pcan\Controllers\ControllerBase
[Sun, 13 Jul 14 23:53:03 +1000][DEBUG] No identity found for private comment in Pcan\Controllers\ControllerBase
[Sun, 13 Jul 14 23:53:03 +1000][DEBUG] Public page index in Pcan\Controllers\ControllerBase
[Sun, 13 Jul 14 23:53:03 +1000][DEBUG] Public page index in Pcan\Controllers\ControllerBase
[Sun, 13 Jul 14 23:53:03 +1000][DEBUG] Public page index in Pcan\Controllers\ControllerBase
[Sun, 13 Jul 14 23:56:58 +1000][DEBUG] Public page read in Pcan\Controllers\ControllerBase
[Sun, 13 Jul 14 23:57:06 +1000][DEBUG] Private page comment in Pcan\Controllers\ControllerBase
[Sun, 13 Jul 14 23:57:06 +1000][DEBUG] No identity found for private comment in Pcan\Controllers\ControllerBase
[Sun, 13 Jul 14 23:57:06 +1000][DEBUG] Public page index in Pcan\Controllers\ControllerBase
[Sun, 13 Jul 14 23:57:06 +1000][DEBUG] Public page index in Pcan\Controllers\ControllerBase
[Sun, 13 Jul 14 23:57:06 +1000][DEBUG] Public page index in Pcan\Controllers\ControllerBase
[Mon, 14 Jul 14 00:00:15 +1000][DEBUG] Public page read in Pcan\Controllers\ControllerBase
[Mon, 14 Jul 14 00:00:23 +1000][DEBUG] Private page comment in Pcan\Controllers\ControllerBase
[Mon, 14 Jul 14 00:00:23 +1000][DEBUG] No identity found for private comment in Pcan\Controllers\ControllerBase
[Mon, 14 Jul 14 00:00:23 +1000][DEBUG] Public page index in Pcan\Controllers\ControllerBase
[Mon, 14 Jul 14 00:00:23 +1000][DEBUG] Public page index in Pcan\Controllers\ControllerBase
[Mon, 14 Jul 14 00:00:24 +1000][DEBUG] Public page index in Pcan\Controllers\ControllerBase
[Mon, 14 Jul 14 00:01:40 +1000][DEBUG] Public page read in Pcan\Controllers\ControllerBase
[Mon, 14 Jul 14 00:01:47 +1000][DEBUG] Private page comment in Pcan\Controllers\ControllerBase
[Mon, 14 Jul 14 00:01:47 +1000][DEBUG] No identity found for private comment in Pcan\Controllers\ControllerBase
[Mon, 14 Jul 14 00:01:47 +1000][DEBUG] Public page index in Pcan\Controllers\ControllerBase
[Mon, 14 Jul 14 00:01:48 +1000][DEBUG] Public page index in Pcan\Controllers\ControllerBase
[Mon, 14 Jul 14 00:01:48 +1000][DEBUG] Public page index in Pcan\Controllers\ControllerBase
[Mon, 14 Jul 14 00:02:15 +1000][DEBUG] Public page session in Pcan\Controllers\ControllerBase
[Mon, 14 Jul 14 00:02:24 +1000][DEBUG] Public page index in Pcan\Controllers\ControllerBase
[Mon, 14 Jul 14 00:02:24 +1000][DEBUG] Public page index in Pcan\Controllers\ControllerBase
[Mon, 14 Jul 14 00:02:24 +1000][DEBUG] Public page index in Pcan\Controllers\ControllerBase
[Mon, 14 Jul 14 00:02:26 +1000][DEBUG] Public page read in Pcan\Controllers\ControllerBase
[Mon, 14 Jul 14 00:04:14 +1000][DEBUG] Public page index in Pcan\Controllers\ControllerBase
[Mon, 14 Jul 14 00:04:14 +1000][DEBUG] Public page index in Pcan\Controllers\ControllerBase
[Mon, 14 Jul 14 00:04:14 +1000][DEBUG] Public page index in Pcan\Controllers\ControllerBase
[Mon, 14 Jul 14 00:04:22 +1000][DEBUG] Public page read in Pcan\Controllers\ControllerBase
[Mon, 14 Jul 14 00:05:02 +1000][DEBUG] Public page read in Pcan\Controllers\ControllerBase
[Mon, 14 Jul 14 00:05:12 +1000][DEBUG] Public page session in Pcan\Controllers\ControllerBase
[Mon, 14 Jul 14 00:05:18 +1000][DEBUG] Public page session in Pcan\Controllers\ControllerBase
[Mon, 14 Jul 14 00:05:19 +1000][DEBUG] Private page myaccount in Pcan\Controllers\ControllerBase
[Mon, 14 Jul 14 00:05:21 +1000][DEBUG] Public page index in Pcan\Controllers\ControllerBase
[Mon, 14 Jul 14 00:05:21 +1000][DEBUG] Public page index in Pcan\Controllers\ControllerBase
[Mon, 14 Jul 14 00:05:21 +1000][DEBUG] Public page index in Pcan\Controllers\ControllerBase
[Mon, 14 Jul 14 00:05:21 +1000][DEBUG] Public page index in Pcan\Controllers\ControllerBase
[Mon, 14 Jul 14 00:05:22 +1000][DEBUG] Public page read in Pcan\Controllers\ControllerBase
[Mon, 14 Jul 14 00:05:34 +1000][DEBUG] Public page read in Pcan\Controllers\ControllerBase
[Mon, 14 Jul 14 00:07:13 +1000][DEBUG] Public page read in Pcan\Controllers\ControllerBase
[Mon, 14 Jul 14 00:07:32 +1000][DEBUG] Private page comment in Pcan\Controllers\ControllerBase
[Mon, 14 Jul 14 00:07:37 +1000][DEBUG] Public page read in Pcan\Controllers\ControllerBase
[Mon, 14 Jul 14 00:08:13 +1000][DEBUG] Private page comment in Pcan\Controllers\ControllerBase
[Mon, 14 Jul 14 00:08:16 +1000][DEBUG] Public page read in Pcan\Controllers\ControllerBase
[Mon, 14 Jul 14 00:08:45 +1000][DEBUG] Private page comment in Pcan\Controllers\ControllerBase
[Mon, 14 Jul 14 00:08:48 +1000][DEBUG] Public page read in Pcan\Controllers\ControllerBase
[Mon, 14 Jul 14 00:14:08 +1000][DEBUG] Private page comment in Pcan\Controllers\ControllerBase
[Mon, 14 Jul 14 00:14:10 +1000][DEBUG] Public page read in Pcan\Controllers\ControllerBase
[Mon, 14 Jul 14 09:13:50 +1000][DEBUG] Public page index in Pcan\Controllers\ControllerBase
[Mon, 14 Jul 14 09:13:50 +1000][DEBUG] Public page index in Pcan\Controllers\ControllerBase
[Mon, 14 Jul 14 09:13:52 +1000][DEBUG] Public page index in Pcan\Controllers\ControllerBase
[Mon, 14 Jul 14 09:13:52 +1000][DEBUG] Public page index in Pcan\Controllers\ControllerBase
[Mon, 14 Jul 14 09:13:54 +1000][DEBUG] Public page session in Pcan\Controllers\ControllerBase
[Mon, 14 Jul 14 09:14:01 +1000][DEBUG] Public page session in Pcan\Controllers\ControllerBase
[Mon, 14 Jul 14 09:14:01 +1000][DEBUG] Private page myaccount in Pcan\Controllers\ControllerBase
[Mon, 14 Jul 14 09:14:37 +1000][DEBUG] Public page index in Pcan\Controllers\ControllerBase
[Mon, 14 Jul 14 09:14:37 +1000][DEBUG] Public page index in Pcan\Controllers\ControllerBase
[Mon, 14 Jul 14 09:14:37 +1000][DEBUG] Public page index in Pcan\Controllers\ControllerBase
[Mon, 14 Jul 14 09:14:37 +1000][DEBUG] Public page index in Pcan\Controllers\ControllerBase
[Mon, 14 Jul 14 09:14:39 +1000][DEBUG] Public page read in Pcan\Controllers\ControllerBase
[Mon, 14 Jul 14 09:19:44 +1000][DEBUG] Public page read in Pcan\Controllers\ControllerBase
[Mon, 14 Jul 14 09:19:55 +1000][DEBUG] Private page comment in Pcan\Controllers\ControllerBase
[Mon, 14 Jul 14 09:19:58 +1000][DEBUG] Public page read in Pcan\Controllers\ControllerBase
[Mon, 14 Jul 14 09:20:39 +1000][DEBUG] Private page comment in Pcan\Controllers\ControllerBase
[Mon, 14 Jul 14 09:20:42 +1000][DEBUG] Public page read in Pcan\Controllers\ControllerBase
[Mon, 14 Jul 14 09:24:58 +1000][DEBUG] Public page read in Pcan\Controllers\ControllerBase
[Mon, 14 Jul 14 09:25:11 +1000][DEBUG] Private page comment in Pcan\Controllers\ControllerBase
[Mon, 14 Jul 14 09:25:14 +1000][DEBUG] Public page read in Pcan\Controllers\ControllerBase
[Mon, 14 Jul 14 09:25:29 +1000][DEBUG] Private page comment in Pcan\Controllers\ControllerBase
[Mon, 14 Jul 14 09:25:31 +1000][DEBUG] Public page read in Pcan\Controllers\ControllerBase
[Mon, 14 Jul 14 09:26:16 +1000][DEBUG] Private page comment in Pcan\Controllers\ControllerBase
[Mon, 14 Jul 14 09:26:18 +1000][DEBUG] Public page read in Pcan\Controllers\ControllerBase
[Mon, 14 Jul 14 09:26:46 +1000][DEBUG] Private page comment in Pcan\Controllers\ControllerBase
[Mon, 14 Jul 14 09:26:48 +1000][DEBUG] Public page read in Pcan\Controllers\ControllerBase
[Mon, 14 Jul 14 09:34:28 +1000][DEBUG] Public page read in Pcan\Controllers\ControllerBase
[Mon, 14 Jul 14 09:34:42 +1000][DEBUG] Public page read in Pcan\Controllers\ControllerBase
[Mon, 14 Jul 14 09:38:15 +1000][DEBUG] Public page read in Pcan\Controllers\ControllerBase
[Mon, 14 Jul 14 09:38:49 +1000][DEBUG] Public page read in Pcan\Controllers\ControllerBase
[Mon, 14 Jul 14 09:39:17 +1000][DEBUG] Private page comment in Pcan\Controllers\ControllerBase
[Mon, 14 Jul 14 09:39:19 +1000][DEBUG] Public page read in Pcan\Controllers\ControllerBase
[Mon, 14 Jul 14 09:42:13 +1000][DEBUG] Private page comment in Pcan\Controllers\ControllerBase
[Mon, 14 Jul 14 09:42:15 +1000][DEBUG] Public page read in Pcan\Controllers\ControllerBase
[Mon, 14 Jul 14 09:42:33 +1000][DEBUG] Private page comment in Pcan\Controllers\ControllerBase
[Mon, 14 Jul 14 09:42:35 +1000][DEBUG] Public page read in Pcan\Controllers\ControllerBase
[Mon, 14 Jul 14 09:45:48 +1000][DEBUG] Public page read in Pcan\Controllers\ControllerBase
[Mon, 14 Jul 14 09:46:02 +1000][DEBUG] Public page read in Pcan\Controllers\ControllerBase
[Mon, 14 Jul 14 09:46:21 +1000][DEBUG] Public page read in Pcan\Controllers\ControllerBase
[Mon, 14 Jul 14 09:46:31 +1000][DEBUG] Public page read in Pcan\Controllers\ControllerBase
[Mon, 14 Jul 14 09:46:37 +1000][DEBUG] Public page read in Pcan\Controllers\ControllerBase
[Mon, 14 Jul 14 09:46:45 +1000][DEBUG] Public page read in Pcan\Controllers\ControllerBase
[Mon, 14 Jul 14 09:47:03 +1000][DEBUG] Public page read in Pcan\Controllers\ControllerBase
[Mon, 14 Jul 14 09:47:09 +1000][DEBUG] Public page read in Pcan\Controllers\ControllerBase
[Mon, 14 Jul 14 09:47:20 +1000][DEBUG] Public page read in Pcan\Controllers\ControllerBase
[Mon, 14 Jul 14 09:47:59 +1000][DEBUG] Public page read in Pcan\Controllers\ControllerBase
[Mon, 14 Jul 14 09:48:06 +1000][DEBUG] Public page read in Pcan\Controllers\ControllerBase
[Mon, 14 Jul 14 09:48:14 +1000][DEBUG] Public page read in Pcan\Controllers\ControllerBase
[Mon, 14 Jul 14 09:48:22 +1000][DEBUG] Public page read in Pcan\Controllers\ControllerBase
[Mon, 14 Jul 14 09:48:31 +1000][DEBUG] Public page read in Pcan\Controllers\ControllerBase
[Mon, 14 Jul 14 09:48:41 +1000][DEBUG] Public page read in Pcan\Controllers\ControllerBase
[Mon, 14 Jul 14 09:48:48 +1000][DEBUG] Public page read in Pcan\Controllers\ControllerBase
[Mon, 14 Jul 14 09:48:59 +1000][DEBUG] Public page read in Pcan\Controllers\ControllerBase
[Mon, 14 Jul 14 09:49:11 +1000][DEBUG] Public page read in Pcan\Controllers\ControllerBase
[Mon, 14 Jul 14 09:50:03 +1000][DEBUG] Public page read in Pcan\Controllers\ControllerBase
[Mon, 14 Jul 14 09:50:48 +1000][DEBUG] Private page myaccount in Pcan\Controllers\ControllerBase
[Mon, 14 Jul 14 09:51:29 +1000][DEBUG] Private page users in Pcan\Controllers\ControllerBase
[Mon, 14 Jul 14 09:51:49 +1000][DEBUG] Public page session in Pcan\Controllers\ControllerBase
[Mon, 14 Jul 14 09:51:49 +1000][DEBUG] Public page index in Pcan\Controllers\ControllerBase
[Mon, 14 Jul 14 09:51:49 +1000][DEBUG] Public page index in Pcan\Controllers\ControllerBase
[Mon, 14 Jul 14 09:51:49 +1000][DEBUG] Public page index in Pcan\Controllers\ControllerBase
[Mon, 14 Jul 14 09:51:51 +1000][DEBUG] Public page session in Pcan\Controllers\ControllerBase
[Mon, 14 Jul 14 09:51:57 +1000][DEBUG] Public page session in Pcan\Controllers\ControllerBase
[Mon, 14 Jul 14 09:51:57 +1000][DEBUG] Private page myaccount in Pcan\Controllers\ControllerBase
[Mon, 14 Jul 14 09:52:16 +1000][DEBUG] Public page read in Pcan\Controllers\ControllerBase
[Mon, 14 Jul 14 09:52:22 +1000][DEBUG] Public page read in Pcan\Controllers\ControllerBase
[Mon, 14 Jul 14 09:53:18 +1000][DEBUG] Private page comment in Pcan\Controllers\ControllerBase
[Mon, 14 Jul 14 09:53:20 +1000][DEBUG] Public page read in Pcan\Controllers\ControllerBase
[Mon, 14 Jul 14 09:53:37 +1000][DEBUG] Public page contact in Pcan\Controllers\ControllerBase
[Mon, 14 Jul 14 09:53:39 +1000][DEBUG] Public page about in Pcan\Controllers\ControllerBase
[Mon, 14 Jul 14 09:53:39 +1000][DEBUG] Public page index in Pcan\Controllers\ControllerBase
[Mon, 14 Jul 14 09:53:40 +1000][DEBUG] Public page index in Pcan\Controllers\ControllerBase
[Mon, 14 Jul 14 09:53:40 +1000][DEBUG] Public page index in Pcan\Controllers\ControllerBase
[Mon, 14 Jul 14 09:53:40 +1000][DEBUG] Public page index in Pcan\Controllers\ControllerBase
[Mon, 14 Jul 14 09:53:45 +1000][DEBUG] Public page read in Pcan\Controllers\ControllerBase
[Mon, 14 Jul 14 09:53:56 +1000][DEBUG] Public page session in Pcan\Controllers\ControllerBase
[Mon, 14 Jul 14 09:53:56 +1000][DEBUG] Public page index in Pcan\Controllers\ControllerBase
[Mon, 14 Jul 14 09:53:56 +1000][DEBUG] Public page index in Pcan\Controllers\ControllerBase
[Mon, 14 Jul 14 09:53:56 +1000][DEBUG] Public page index in Pcan\Controllers\ControllerBase
[Mon, 14 Jul 14 09:53:58 +1000][DEBUG] Public page session in Pcan\Controllers\ControllerBase
[Mon, 14 Jul 14 09:54:20 +1000][DEBUG] Public page session in Pcan\Controllers\ControllerBase
[Mon, 14 Jul 14 09:54:20 +1000][DEBUG] Private page myaccount in Pcan\Controllers\ControllerBase
[Mon, 14 Jul 14 09:54:25 +1000][DEBUG] Private page users in Pcan\Controllers\ControllerBase
[Mon, 14 Jul 14 09:54:42 +1000][DEBUG] Private page users in Pcan\Controllers\ControllerBase
[Mon, 14 Jul 14 09:54:50 +1000][DEBUG] Private page users in Pcan\Controllers\ControllerBase
[Mon, 14 Jul 14 09:56:22 +1000][DEBUG] Public page session in Pcan\Controllers\ControllerBase
[Mon, 14 Jul 14 09:56:23 +1000][DEBUG] Public page index in Pcan\Controllers\ControllerBase
[Mon, 14 Jul 14 09:56:23 +1000][DEBUG] Public page index in Pcan\Controllers\ControllerBase
[Mon, 14 Jul 14 09:56:23 +1000][DEBUG] Public page index in Pcan\Controllers\ControllerBase
[Mon, 14 Jul 14 09:56:24 +1000][DEBUG] Public page session in Pcan\Controllers\ControllerBase
[Mon, 14 Jul 14 09:56:37 +1000][DEBUG] Public page session in Pcan\Controllers\ControllerBase
[Mon, 14 Jul 14 09:56:37 +1000][DEBUG] Private page myaccount in Pcan\Controllers\ControllerBase
[Mon, 14 Jul 14 09:56:48 +1000][DEBUG] Private page blog in Pcan\Controllers\ControllerBase
[Mon, 14 Jul 14 09:56:53 +1000][DEBUG] Private page users in Pcan\Controllers\ControllerBase
[Mon, 14 Jul 14 09:56:53 +1000][DEBUG] Private page users in Pcan\Controllers\ControllerBase
[Mon, 14 Jul 14 09:56:55 +1000][DEBUG] Private page blog in Pcan\Controllers\ControllerBase
[Mon, 14 Jul 14 09:56:57 +1000][DEBUG] Private page profiles in Pcan\Controllers\ControllerBase
[Mon, 14 Jul 14 09:56:57 +1000][DEBUG] Public page user_control in Pcan\Controllers\ControllerBase
[Mon, 14 Jul 14 09:57:02 +1000][DEBUG] Private page permissions in Pcan\Controllers\ControllerBase
[Mon, 14 Jul 14 09:57:02 +1000][DEBUG] Public page user_control in Pcan\Controllers\ControllerBase
[Mon, 14 Jul 14 09:57:33 +1000][DEBUG] Private page blog in Pcan\Controllers\ControllerBase
[Mon, 14 Jul 14 09:57:54 +1000][DEBUG] Private page blog in Pcan\Controllers\ControllerBase
[Mon, 14 Jul 14 10:03:11 +1000][DEBUG] Private page blog in Pcan\Controllers\ControllerBase
[Mon, 14 Jul 14 10:03:34 +1000][DEBUG] Public page about in Pcan\Controllers\ControllerBase
[Mon, 14 Jul 14 10:03:34 +1000][DEBUG] Public page index in Pcan\Controllers\ControllerBase
[Mon, 14 Jul 14 10:03:36 +1000][DEBUG] Public page index in Pcan\Controllers\ControllerBase
[Mon, 14 Jul 14 10:03:36 +1000][DEBUG] Public page index in Pcan\Controllers\ControllerBase
[Mon, 14 Jul 14 10:03:36 +1000][DEBUG] Public page index in Pcan\Controllers\ControllerBase
[Mon, 14 Jul 14 10:03:37 +1000][DEBUG] Public page index in Pcan\Controllers\ControllerBase
[Mon, 14 Jul 14 10:03:37 +1000][DEBUG] Public page index in Pcan\Controllers\ControllerBase
[Mon, 14 Jul 14 10:03:38 +1000][DEBUG] Public page index in Pcan\Controllers\ControllerBase
[Mon, 14 Jul 14 10:03:38 +1000][DEBUG] Public page index in Pcan\Controllers\ControllerBase
[Mon, 14 Jul 14 10:04:09 +1000][DEBUG] Public page read in Pcan\Controllers\ControllerBase
[Mon, 14 Jul 14 10:05:40 +1000][DEBUG] Public page read in Pcan\Controllers\ControllerBase
[Mon, 14 Jul 14 10:07:30 +1000][DEBUG] Public page read in Pcan\Controllers\ControllerBase
[Mon, 14 Jul 14 10:08:06 +1000][DEBUG] Public page read in Pcan\Controllers\ControllerBase
[Mon, 14 Jul 14 10:09:30 +1000][DEBUG] Public page read in Pcan\Controllers\ControllerBase
[Mon, 14 Jul 14 10:09:32 +1000][DEBUG] Public page index in Pcan\Controllers\ControllerBase
[Mon, 14 Jul 14 10:09:32 +1000][DEBUG] Public page index in Pcan\Controllers\ControllerBase
[Mon, 14 Jul 14 10:09:32 +1000][DEBUG] Public page index in Pcan\Controllers\ControllerBase
[Mon, 14 Jul 14 10:10:20 +1000][DEBUG] Public page index in Pcan\Controllers\ControllerBase
[Mon, 14 Jul 14 10:10:20 +1000][DEBUG] Public page index in Pcan\Controllers\ControllerBase
[Mon, 14 Jul 14 10:10:20 +1000][DEBUG] Public page index in Pcan\Controllers\ControllerBase
[Mon, 14 Jul 14 10:10:36 +1000][DEBUG] Public page index in Pcan\Controllers\ControllerBase
[Mon, 14 Jul 14 10:10:36 +1000][DEBUG] Public page index in Pcan\Controllers\ControllerBase
[Mon, 14 Jul 14 10:10:36 +1000][DEBUG] Public page index in Pcan\Controllers\ControllerBase
[Mon, 14 Jul 14 10:10:44 +1000][DEBUG] Public page index in Pcan\Controllers\ControllerBase
[Mon, 14 Jul 14 10:10:44 +1000][DEBUG] Public page index in Pcan\Controllers\ControllerBase
[Mon, 14 Jul 14 10:10:44 +1000][DEBUG] Public page index in Pcan\Controllers\ControllerBase
[Mon, 14 Jul 14 10:11:12 +1000][DEBUG] Public page index in Pcan\Controllers\ControllerBase
[Mon, 14 Jul 14 10:11:12 +1000][DEBUG] Public page index in Pcan\Controllers\ControllerBase
[Mon, 14 Jul 14 10:11:12 +1000][DEBUG] Public page index in Pcan\Controllers\ControllerBase
[Mon, 14 Jul 14 10:11:14 +1000][DEBUG] Public page index in Pcan\Controllers\ControllerBase
[Mon, 14 Jul 14 10:11:14 +1000][DEBUG] Public page index in Pcan\Controllers\ControllerBase
[Mon, 14 Jul 14 10:11:14 +1000][DEBUG] Public page index in Pcan\Controllers\ControllerBase
[Mon, 14 Jul 14 10:11:25 +1000][DEBUG] Public page index in Pcan\Controllers\ControllerBase
[Mon, 14 Jul 14 10:11:25 +1000][DEBUG] Public page index in Pcan\Controllers\ControllerBase
[Mon, 14 Jul 14 10:11:25 +1000][DEBUG] Public page index in Pcan\Controllers\ControllerBase
[Mon, 14 Jul 14 10:12:00 +1000][DEBUG] Public page index in Pcan\Controllers\ControllerBase
[Mon, 14 Jul 14 10:12:00 +1000][DEBUG] Public page index in Pcan\Controllers\ControllerBase
[Mon, 14 Jul 14 10:12:00 +1000][DEBUG] Public page index in Pcan\Controllers\ControllerBase
[Mon, 14 Jul 14 10:12:17 +1000][DEBUG] Public page index in Pcan\Controllers\ControllerBase
[Mon, 14 Jul 14 10:12:17 +1000][DEBUG] Public page index in Pcan\Controllers\ControllerBase
[Mon, 14 Jul 14 10:12:17 +1000][DEBUG] Public page index in Pcan\Controllers\ControllerBase
[Mon, 14 Jul 14 10:12:38 +1000][DEBUG] Public page read in Pcan\Controllers\ControllerBase
[Mon, 14 Jul 14 10:12:39 +1000][DEBUG] Public page contact in Pcan\Controllers\ControllerBase
[Mon, 14 Jul 14 10:12:39 +1000][DEBUG] Public page about in Pcan\Controllers\ControllerBase
[Mon, 14 Jul 14 10:12:39 +1000][DEBUG] Public page index in Pcan\Controllers\ControllerBase
[Mon, 14 Jul 14 10:14:44 +1000][DEBUG] Public page about in Pcan\Controllers\ControllerBase
[Mon, 14 Jul 14 10:14:44 +1000][DEBUG] Public page index in Pcan\Controllers\ControllerBase
[Mon, 14 Jul 14 10:14:50 +1000][DEBUG] Public page about in Pcan\Controllers\ControllerBase
[Mon, 14 Jul 14 10:14:50 +1000][DEBUG] Public page index in Pcan\Controllers\ControllerBase
[Mon, 14 Jul 14 10:15:48 +1000][DEBUG] Public page about in Pcan\Controllers\ControllerBase
[Mon, 14 Jul 14 10:15:48 +1000][DEBUG] Public page index in Pcan\Controllers\ControllerBase
[Mon, 14 Jul 14 10:15:48 +1000][DEBUG] Public page index in Pcan\Controllers\ControllerBase
[Mon, 14 Jul 14 10:15:51 +1000][DEBUG] Public page contact in Pcan\Controllers\ControllerBase
[Mon, 14 Jul 14 10:15:52 +1000][DEBUG] Public page about in Pcan\Controllers\ControllerBase
[Mon, 14 Jul 14 10:15:52 +1000][DEBUG] Public page index in Pcan\Controllers\ControllerBase
[Mon, 14 Jul 14 10:16:20 +1000][DEBUG] Public page about in Pcan\Controllers\ControllerBase
[Mon, 14 Jul 14 10:16:20 +1000][DEBUG] Public page index in Pcan\Controllers\ControllerBase
[Mon, 14 Jul 14 10:17:52 +1000][DEBUG] Public page about in Pcan\Controllers\ControllerBase
[Mon, 14 Jul 14 10:17:52 +1000][DEBUG] Public page index in Pcan\Controllers\ControllerBase
[Mon, 14 Jul 14 10:20:10 +1000][DEBUG] Public page about in Pcan\Controllers\ControllerBase
[Mon, 14 Jul 14 10:20:10 +1000][DEBUG] Public page index in Pcan\Controllers\ControllerBase
[Mon, 14 Jul 14 10:20:10 +1000][DEBUG] Public page index in Pcan\Controllers\ControllerBase
[Mon, 14 Jul 14 10:20:16 +1000][DEBUG] Public page contact in Pcan\Controllers\ControllerBase
[Mon, 14 Jul 14 10:22:24 +1000][DEBUG] Public page contact in Pcan\Controllers\ControllerBase
[Mon, 14 Jul 14 10:23:47 +1000][DEBUG] Public page contact in Pcan\Controllers\ControllerBase
[Mon, 14 Jul 14 10:24:38 +1000][DEBUG] Public page contact in Pcan\Controllers\ControllerBase
[Mon, 14 Jul 14 10:24:39 +1000][DEBUG] Public page contact in Pcan\Controllers\ControllerBase
[Mon, 14 Jul 14 10:24:44 +1000][DEBUG] Public page contact in Pcan\Controllers\ControllerBase
[Mon, 14 Jul 14 10:24:50 +1000][DEBUG] Public page read in Pcan\Controllers\ControllerBase
[Mon, 14 Jul 14 10:25:47 +1000][DEBUG] Public page read in Pcan\Controllers\ControllerBase
[Mon, 14 Jul 14 10:26:12 +1000][DEBUG] Public page about in Pcan\Controllers\ControllerBase
[Mon, 14 Jul 14 10:26:12 +1000][DEBUG] Public page index in Pcan\Controllers\ControllerBase
[Mon, 14 Jul 14 10:26:13 +1000][DEBUG] Public page contact in Pcan\Controllers\ControllerBase
[Mon, 14 Jul 14 10:26:14 +1000][DEBUG] Public page read in Pcan\Controllers\ControllerBase
[Mon, 14 Jul 14 10:27:30 +1000][DEBUG] Public page read in Pcan\Controllers\ControllerBase
[Mon, 14 Jul 14 10:27:32 +1000][DEBUG] Private page blog in Pcan\Controllers\ControllerBase
[Mon, 14 Jul 14 10:29:01 +1000][DEBUG] Private page blog in Pcan\Controllers\ControllerBase
[Mon, 14 Jul 14 10:29:11 +1000][DEBUG] Private page blog in Pcan\Controllers\ControllerBase
[Mon, 14 Jul 14 10:29:15 +1000][DEBUG] Private page blog in Pcan\Controllers\ControllerBase
[Mon, 14 Jul 14 10:29:17 +1000][DEBUG] Private page blog in Pcan\Controllers\ControllerBase
[Mon, 14 Jul 14 10:29:20 +1000][DEBUG] Private page blog in Pcan\Controllers\ControllerBase
[Mon, 14 Jul 14 10:29:21 +1000][DEBUG] Private page blog in Pcan\Controllers\ControllerBase
[Mon, 14 Jul 14 10:29:24 +1000][DEBUG] Private page blog in Pcan\Controllers\ControllerBase
[Mon, 14 Jul 14 10:29:25 +1000][DEBUG] Private page blog in Pcan\Controllers\ControllerBase
[Mon, 14 Jul 14 10:29:26 +1000][DEBUG] Private page blog in Pcan\Controllers\ControllerBase
[Mon, 14 Jul 14 10:29:31 +1000][DEBUG] Private page blog in Pcan\Controllers\ControllerBase
[Mon, 14 Jul 14 10:30:53 +1000][DEBUG] Private page blog in Pcan\Controllers\ControllerBase
[Mon, 14 Jul 14 10:30:57 +1000][DEBUG] Private page blog in Pcan\Controllers\ControllerBase
[Mon, 14 Jul 14 10:30:59 +1000][DEBUG] Private page blog in Pcan\Controllers\ControllerBase
[Mon, 14 Jul 14 10:31:00 +1000][DEBUG] Private page blog in Pcan\Controllers\ControllerBase
[Mon, 14 Jul 14 10:31:01 +1000][DEBUG] Private page blog in Pcan\Controllers\ControllerBase
[Mon, 14 Jul 14 10:31:02 +1000][DEBUG] Private page blog in Pcan\Controllers\ControllerBase
[Mon, 14 Jul 14 10:31:03 +1000][DEBUG] Private page blog in Pcan\Controllers\ControllerBase
[Mon, 14 Jul 14 10:31:05 +1000][DEBUG] Private page blog in Pcan\Controllers\ControllerBase
[Mon, 14 Jul 14 10:31:06 +1000][DEBUG] Private page blog in Pcan\Controllers\ControllerBase
[Mon, 14 Jul 14 10:31:07 +1000][DEBUG] Private page blog in Pcan\Controllers\ControllerBase
[Mon, 14 Jul 14 10:31:07 +1000][DEBUG] Private page blog in Pcan\Controllers\ControllerBase
[Mon, 14 Jul 14 10:31:08 +1000][DEBUG] Private page blog in Pcan\Controllers\ControllerBase
[Mon, 14 Jul 14 10:31:09 +1000][DEBUG] Private page blog in Pcan\Controllers\ControllerBase
[Mon, 14 Jul 14 10:31:10 +1000][DEBUG] Private page blog in Pcan\Controllers\ControllerBase
[Mon, 14 Jul 14 10:31:11 +1000][DEBUG] Private page blog in Pcan\Controllers\ControllerBase
[Mon, 14 Jul 14 10:31:12 +1000][DEBUG] Private page blog in Pcan\Controllers\ControllerBase
[Mon, 14 Jul 14 10:31:12 +1000][DEBUG] Private page blog in Pcan\Controllers\ControllerBase
[Mon, 14 Jul 14 10:31:13 +1000][DEBUG] Private page blog in Pcan\Controllers\ControllerBase
[Mon, 14 Jul 14 10:31:14 +1000][DEBUG] Private page blog in Pcan\Controllers\ControllerBase
[Mon, 14 Jul 14 10:31:15 +1000][DEBUG] Private page blog in Pcan\Controllers\ControllerBase
[Mon, 14 Jul 14 10:32:20 +1000][DEBUG] Private page myaccount in Pcan\Controllers\ControllerBase
[Mon, 14 Jul 14 12:01:19 +1000][DEBUG] Public page index in Pcan\Controllers\ControllerBase
[Mon, 14 Jul 14 12:01:19 +1000][DEBUG] Public page index in Pcan\Controllers\ControllerBase
[Mon, 14 Jul 14 12:01:19 +1000][DEBUG] Public page index in Pcan\Controllers\ControllerBase
[Mon, 14 Jul 14 12:01:20 +1000][DEBUG] Public page read in Pcan\Controllers\ControllerBase
[Mon, 14 Jul 14 12:01:23 +1000][DEBUG] Public page index in Pcan\Controllers\ControllerBase
[Mon, 14 Jul 14 12:01:23 +1000][DEBUG] Public page index in Pcan\Controllers\ControllerBase
[Mon, 14 Jul 14 12:01:23 +1000][DEBUG] Public page index in Pcan\Controllers\ControllerBase
[Mon, 14 Jul 14 12:01:24 +1000][DEBUG] Public page read in Pcan\Controllers\ControllerBase
[Mon, 14 Jul 14 12:01:28 +1000][DEBUG] Public page index in Pcan\Controllers\ControllerBase
[Mon, 14 Jul 14 12:01:28 +1000][DEBUG] Public page index in Pcan\Controllers\ControllerBase
[Mon, 14 Jul 14 12:01:28 +1000][DEBUG] Public page index in Pcan\Controllers\ControllerBase
[Mon, 14 Jul 14 12:01:30 +1000][DEBUG] Public page read in Pcan\Controllers\ControllerBase
[Mon, 14 Jul 14 12:01:32 +1000][DEBUG] Public page index in Pcan\Controllers\ControllerBase
[Mon, 14 Jul 14 12:01:32 +1000][DEBUG] Public page index in Pcan\Controllers\ControllerBase
[Mon, 14 Jul 14 12:01:32 +1000][DEBUG] Public page index in Pcan\Controllers\ControllerBase
[Mon, 14 Jul 14 12:01:37 +1000][DEBUG] Public page read in Pcan\Controllers\ControllerBase
[Mon, 14 Jul 14 12:01:41 +1000][DEBUG] Public page read in Pcan\Controllers\ControllerBase
[Mon, 14 Jul 14 12:01:43 +1000][DEBUG] Public page read in Pcan\Controllers\ControllerBase
[Mon, 14 Jul 14 12:01:48 +1000][DEBUG] Private page blog in Pcan\Controllers\ControllerBase
[Mon, 14 Jul 14 12:01:51 +1000][DEBUG] Private page blog in Pcan\Controllers\ControllerBase
[Mon, 14 Jul 14 12:01:54 +1000][DEBUG] Private page blog in Pcan\Controllers\ControllerBase
[Mon, 14 Jul 14 12:02:07 +1000][DEBUG] Private page blog in Pcan\Controllers\ControllerBase
[Mon, 14 Jul 14 12:02:14 +1000][DEBUG] Public page index in Pcan\Controllers\ControllerBase
[Mon, 14 Jul 14 12:02:14 +1000][DEBUG] Public page index in Pcan\Controllers\ControllerBase
[Mon, 14 Jul 14 12:02:14 +1000][DEBUG] Public page index in Pcan\Controllers\ControllerBase
[Mon, 14 Jul 14 12:02:34 +1000][DEBUG] Public page read in Pcan\Controllers\ControllerBase
[Mon, 14 Jul 14 12:02:35 +1000][DEBUG] Public page read in Pcan\Controllers\ControllerBase
[Mon, 14 Jul 14 12:02:38 +1000][DEBUG] Public page read in Pcan\Controllers\ControllerBase
[Mon, 14 Jul 14 12:02:51 +1000][DEBUG] Public page read in Pcan\Controllers\ControllerBase
[Mon, 14 Jul 14 12:02:53 +1000][DEBUG] Public page read in Pcan\Controllers\ControllerBase
[Mon, 14 Jul 14 12:02:55 +1000][DEBUG] Public page read in Pcan\Controllers\ControllerBase
[Mon, 14 Jul 14 12:02:59 +1000][DEBUG] Private page blog in Pcan\Controllers\ControllerBase
[Mon, 14 Jul 14 12:03:02 +1000][DEBUG] Private page blog in Pcan\Controllers\ControllerBase
[Mon, 14 Jul 14 12:03:03 +1000][DEBUG] Private page blog in Pcan\Controllers\ControllerBase
[Mon, 14 Jul 14 12:05:00 +1000][DEBUG] Private page blog in Pcan\Controllers\ControllerBase
[Mon, 14 Jul 14 12:05:03 +1000][DEBUG] Public page read in Pcan\Controllers\ControllerBase
[Mon, 14 Jul 14 12:05:06 +1000][DEBUG] Public page read in Pcan\Controllers\ControllerBase
[Mon, 14 Jul 14 12:05:07 +1000][DEBUG] Public page read in Pcan\Controllers\ControllerBase
[Mon, 14 Jul 14 12:05:35 +1000][DEBUG] Public page read in Pcan\Controllers\ControllerBase
[Mon, 14 Jul 14 12:05:50 +1000][DEBUG] Public page read in Pcan\Controllers\ControllerBase
[Mon, 14 Jul 14 12:06:41 +1000][DEBUG] Public page read in Pcan\Controllers\ControllerBase
[Mon, 14 Jul 14 12:07:16 +1000][DEBUG] Public page read in Pcan\Controllers\ControllerBase
[Mon, 14 Jul 14 23:34:02 +1000][DEBUG] Public page index in Pcan\Controllers\ControllerBase
[Mon, 14 Jul 14 23:34:02 +1000][DEBUG] Public page index in Pcan\Controllers\ControllerBase
[Mon, 14 Jul 14 23:34:02 +1000][DEBUG] Public page index in Pcan\Controllers\ControllerBase
[Mon, 14 Jul 14 23:35:11 +1000][DEBUG] Public page index in Pcan\Controllers\ControllerBase
[Mon, 14 Jul 14 23:35:11 +1000][DEBUG] Public page index in Pcan\Controllers\ControllerBase
[Mon, 14 Jul 14 23:35:11 +1000][DEBUG] Public page index in Pcan\Controllers\ControllerBase
[Mon, 14 Jul 14 23:35:51 +1000][DEBUG] Public page read in Pcan\Controllers\ControllerBase
[Mon, 14 Jul 14 23:41:54 +1000][DEBUG] Public page index in Pcan\Controllers\ControllerBase
[Mon, 14 Jul 14 23:41:58 +1000][DEBUG] Public page index in Pcan\Controllers\ControllerBase
[Mon, 14 Jul 14 23:42:00 +1000][DEBUG] Public page index in Pcan\Controllers\ControllerBase
[Mon, 14 Jul 14 23:42:01 +1000][DEBUG] Public page read in Pcan\Controllers\ControllerBase
[Mon, 14 Jul 14 23:42:36 +1000][DEBUG] Public page read in Pcan\Controllers\ControllerBase
[Mon, 14 Jul 14 23:42:46 +1000][DEBUG] Public page read in Pcan\Controllers\ControllerBase
[Mon, 14 Jul 14 23:42:52 +1000][DEBUG] Public page read in Pcan\Controllers\ControllerBase
[Mon, 14 Jul 14 23:42:56 +1000][DEBUG] Public page read in Pcan\Controllers\ControllerBase
[Mon, 14 Jul 14 23:44:30 +1000][DEBUG] Public page read in Pcan\Controllers\ControllerBase
[Mon, 14 Jul 14 23:45:03 +1000][DEBUG] Public page read in Pcan\Controllers\ControllerBase
[Mon, 14 Jul 14 23:46:17 +1000][DEBUG] Public page read in Pcan\Controllers\ControllerBase
[Mon, 14 Jul 14 23:46:20 +1000][DEBUG] Public page read in Pcan\Controllers\ControllerBase
[Mon, 14 Jul 14 23:46:21 +1000][DEBUG] Public page read in Pcan\Controllers\ControllerBase
[Mon, 14 Jul 14 23:46:22 +1000][DEBUG] Public page read in Pcan\Controllers\ControllerBase
[Mon, 14 Jul 14 23:46:23 +1000][DEBUG] Public page read in Pcan\Controllers\ControllerBase
[Mon, 14 Jul 14 23:46:25 +1000][DEBUG] Public page read in Pcan\Controllers\ControllerBase
[Mon, 14 Jul 14 23:46:28 +1000][DEBUG] Public page read in Pcan\Controllers\ControllerBase
[Mon, 14 Jul 14 23:46:29 +1000][DEBUG] Public page read in Pcan\Controllers\ControllerBase
[Mon, 14 Jul 14 23:46:30 +1000][DEBUG] Public page read in Pcan\Controllers\ControllerBase
[Mon, 14 Jul 14 23:47:01 +1000][DEBUG] Public page read in Pcan\Controllers\ControllerBase
[Mon, 14 Jul 14 23:47:31 +1000][DEBUG] Public page read in Pcan\Controllers\ControllerBase
[Mon, 14 Jul 14 23:49:12 +1000][DEBUG] Public page read in Pcan\Controllers\ControllerBase
[Mon, 14 Jul 14 23:49:14 +1000][DEBUG] Public page session in Pcan\Controllers\ControllerBase
[Mon, 14 Jul 14 23:49:34 +1000][DEBUG] Public page session in Pcan\Controllers\ControllerBase
[Mon, 14 Jul 14 23:49:34 +1000][DEBUG] Private page myaccount in Pcan\Controllers\ControllerBase
[Mon, 14 Jul 14 23:49:40 +1000][DEBUG] Public page read in Pcan\Controllers\ControllerBase
[Mon, 14 Jul 14 23:49:43 +1000][DEBUG] Private page blog in Pcan\Controllers\ControllerBase
[Mon, 14 Jul 14 23:49:47 +1000][DEBUG] Private page blog in Pcan\Controllers\ControllerBase
[Mon, 14 Jul 14 23:49:58 +1000][DEBUG] Private page blog in Pcan\Controllers\ControllerBase
[Tue, 15 Jul 14 10:41:32 +1000][DEBUG] Public page index in Pcan\Controllers\ControllerBase
[Tue, 15 Jul 14 10:41:32 +1000][DEBUG] Public page index in Pcan\Controllers\ControllerBase
[Tue, 15 Jul 14 10:41:32 +1000][DEBUG] Public page index in Pcan\Controllers\ControllerBase
[Tue, 15 Jul 14 10:41:33 +1000][DEBUG] Public page index in Pcan\Controllers\ControllerBase
[Tue, 15 Jul 14 10:41:33 +1000][DEBUG] Public page index in Pcan\Controllers\ControllerBase
[Tue, 15 Jul 14 10:41:50 +1000][DEBUG] Public page session in Pcan\Controllers\ControllerBase
[Tue, 15 Jul 14 10:42:22 +1000][DEBUG] Public page session in Pcan\Controllers\ControllerBase
[Tue, 15 Jul 14 10:42:22 +1000][DEBUG] Private page myaccount in Pcan\Controllers\ControllerBase
[Tue, 15 Jul 14 10:42:27 +1000][DEBUG] Private page blog in Pcan\Controllers\ControllerBase
[Tue, 15 Jul 14 10:42:37 +1000][DEBUG] Private page blog in Pcan\Controllers\ControllerBase
[Wed, 16 Jul 14 09:45:56 +1000][DEBUG] Public page index in Pcan\Controllers\ControllerBase
[Wed, 16 Jul 14 09:45:56 +1000][DEBUG] Public page index in Pcan\Controllers\ControllerBase
[Wed, 16 Jul 14 09:45:56 +1000][DEBUG] Public page index in Pcan\Controllers\ControllerBase
[Wed, 16 Jul 14 09:45:56 +1000][DEBUG] Public page index in Pcan\Controllers\ControllerBase
[Wed, 16 Jul 14 09:45:59 +1000][DEBUG] Public page session in Pcan\Controllers\ControllerBase
[Wed, 16 Jul 14 09:46:06 +1000][DEBUG] Public page session in Pcan\Controllers\ControllerBase
[Wed, 16 Jul 14 09:46:06 +1000][DEBUG] Private page myaccount in Pcan\Controllers\ControllerBase
[Wed, 16 Jul 14 09:46:23 +1000][DEBUG] Private page blog in Pcan\Controllers\ControllerBase
[Wed, 16 Jul 14 09:46:30 +1000][DEBUG] Private page blog in Pcan\Controllers\ControllerBase
[Wed, 16 Jul 14 09:47:22 +1000][DEBUG] Private page blog in Pcan\Controllers\ControllerBase
[Wed, 16 Jul 14 09:47:23 +1000][DEBUG] Private page permissions in Pcan\Controllers\ControllerBase
[Wed, 16 Jul 14 09:47:26 +1000][DEBUG] Private page blog in Pcan\Controllers\ControllerBase
[Wed, 16 Jul 14 09:47:38 +1000][DEBUG] Private page blog in Pcan\Controllers\ControllerBase
[Wed, 16 Jul 14 10:06:00 +1000][DEBUG] Private page blog in Pcan\Controllers\ControllerBase
[Wed, 16 Jul 14 10:06:07 +1000][DEBUG] Private page blog in Pcan\Controllers\ControllerBase
[Wed, 16 Jul 14 10:08:16 +1000][DEBUG] Private page blog in Pcan\Controllers\ControllerBase
[Wed, 16 Jul 14 10:08:25 +1000][DEBUG] Public page index in Pcan\Controllers\ControllerBase
[Wed, 16 Jul 14 10:09:03 +1000][DEBUG] Public page index in Pcan\Controllers\ControllerBase
[Wed, 16 Jul 14 10:09:07 +1000][DEBUG] Private page permissions in Pcan\Controllers\ControllerBase
[Wed, 16 Jul 14 10:09:12 +1000][DEBUG] Private page permissions in Pcan\Controllers\ControllerBase
[Wed, 16 Jul 14 10:09:31 +1000][DEBUG] Private page permissions in Pcan\Controllers\ControllerBase
[Wed, 16 Jul 14 10:09:35 +1000][DEBUG] Private page permissions in Pcan\Controllers\ControllerBase
[Wed, 16 Jul 14 10:09:38 +1000][DEBUG] Public page index in Pcan\Controllers\ControllerBase
[Wed, 16 Jul 14 10:09:38 +1000][DEBUG] Private page blog in Pcan\Controllers\ControllerBase
[Wed, 16 Jul 14 10:09:41 +1000][DEBUG] Public page index in Pcan\Controllers\ControllerBase
[Wed, 16 Jul 14 10:10:01 +1000][DEBUG] Private page blog in Pcan\Controllers\ControllerBase
[Wed, 16 Jul 14 10:10:35 +1000][DEBUG] Private page blog in Pcan\Controllers\ControllerBase
[Wed, 16 Jul 14 10:10:39 +1000][DEBUG] Public page index in Pcan\Controllers\ControllerBase
[Wed, 16 Jul 14 10:11:33 +1000][DEBUG] Private page blog in Pcan\Controllers\ControllerBase
[Wed, 16 Jul 14 10:12:37 +1000][DEBUG] Private page blog in Pcan\Controllers\ControllerBase
[Wed, 16 Jul 14 10:13:13 +1000][DEBUG] Private page blog in Pcan\Controllers\ControllerBase
[Wed, 16 Jul 14 10:13:39 +1000][DEBUG] Private page blog in Pcan\Controllers\ControllerBase
[Wed, 16 Jul 14 13:44:10 +1000][DEBUG] Public page index in Pcan\Controllers\ControllerBase
[Wed, 16 Jul 14 13:44:10 +1000][DEBUG] Public page index in Pcan\Controllers\ControllerBase
[Wed, 16 Jul 14 13:44:10 +1000][DEBUG] Public page index in Pcan\Controllers\ControllerBase
[Wed, 16 Jul 14 13:44:10 +1000][DEBUG] Public page index in Pcan\Controllers\ControllerBase
[Wed, 16 Jul 14 13:46:14 +1000][DEBUG] Private page blog in Pcan\Controllers\ControllerBase
[Wed, 16 Jul 14 13:46:16 +1000][DEBUG] Private page blog in Pcan\Controllers\ControllerBase
[Wed, 16 Jul 14 13:46:28 +1000][DEBUG] Public page index in Pcan\Controllers\ControllerBase
[Wed, 16 Jul 14 13:46:28 +1000][DEBUG] Public page index in Pcan\Controllers\ControllerBase
[Wed, 16 Jul 14 13:46:28 +1000][DEBUG] Public page index in Pcan\Controllers\ControllerBase
[Wed, 16 Jul 14 13:46:28 +1000][DEBUG] Public page index in Pcan\Controllers\ControllerBase
[Wed, 16 Jul 14 13:46:31 +1000][DEBUG] Public page read in Pcan\Controllers\ControllerBase
[Wed, 16 Jul 14 13:52:55 +1000][DEBUG] Public page read in Pcan\Controllers\ControllerBase
[Wed, 16 Jul 14 14:05:45 +1000][DEBUG] Public page index in Pcan\Controllers\ControllerBase
[Wed, 16 Jul 14 14:05:45 +1000][DEBUG] Public page index in Pcan\Controllers\ControllerBase
[Wed, 16 Jul 14 14:05:45 +1000][DEBUG] Public page index in Pcan\Controllers\ControllerBase
[Wed, 16 Jul 14 14:12:34 +1000][DEBUG] Private page blog in Pcan\Controllers\ControllerBase
[Wed, 16 Jul 14 14:13:09 +1000][DEBUG] Private page blog in Pcan\Controllers\ControllerBase
[Wed, 16 Jul 14 14:14:20 +1000][DEBUG] Private page blog in Pcan\Controllers\ControllerBase
[Wed, 16 Jul 14 14:15:25 +1000][DEBUG] Private page blog in Pcan\Controllers\ControllerBase
[Wed, 16 Jul 14 14:15:31 +1000][DEBUG] Public page index in Pcan\Controllers\ControllerBase
[Wed, 16 Jul 14 14:26:55 +1000][DEBUG] Private page blog in Pcan\Controllers\ControllerBase
[Wed, 16 Jul 14 14:27:00 +1000][DEBUG] Public page index in Pcan\Controllers\ControllerBase
[Wed, 16 Jul 14 14:34:02 +1000][DEBUG] Public page index in Pcan\Controllers\ControllerBase
[Wed, 16 Jul 14 14:35:04 +1000][DEBUG] Private page blog in Pcan\Controllers\ControllerBase
[Wed, 16 Jul 14 14:35:06 +1000][DEBUG] Public page index in Pcan\Controllers\ControllerBase
[Wed, 16 Jul 14 14:44:41 +1000][DEBUG] Private page blog in Pcan\Controllers\ControllerBase
[Wed, 16 Jul 14 14:44:46 +1000][DEBUG] Public page index in Pcan\Controllers\ControllerBase
[Wed, 16 Jul 14 14:44:53 +1000][DEBUG] Private page blog in Pcan\Controllers\ControllerBase
[Wed, 16 Jul 14 14:44:56 +1000][DEBUG] Public page index in Pcan\Controllers\ControllerBase
[Wed, 16 Jul 14 14:46:37 +1000][DEBUG] Private page blog in Pcan\Controllers\ControllerBase
[Wed, 16 Jul 14 14:46:39 +1000][DEBUG] Public page index in Pcan\Controllers\ControllerBase
[Wed, 16 Jul 14 14:47:26 +1000][DEBUG] Private page blog in Pcan\Controllers\ControllerBase
[Wed, 16 Jul 14 14:47:27 +1000][DEBUG] Public page index in Pcan\Controllers\ControllerBase
[Wed, 16 Jul 14 14:48:36 +1000][DEBUG] Private page blog in Pcan\Controllers\ControllerBase
[Wed, 16 Jul 14 14:48:39 +1000][DEBUG] Private page blog in Pcan\Controllers\ControllerBase
[Wed, 16 Jul 14 14:48:58 +1000][DEBUG] Private page blog in Pcan\Controllers\ControllerBase
[Wed, 16 Jul 14 14:49:00 +1000][DEBUG] Public page index in Pcan\Controllers\ControllerBase
[Wed, 16 Jul 14 14:50:06 +1000][DEBUG] Private page blog in Pcan\Controllers\ControllerBase
[Wed, 16 Jul 14 14:50:07 +1000][DEBUG] Public page index in Pcan\Controllers\ControllerBase
[Wed, 16 Jul 14 14:50:17 +1000][DEBUG] Private page blog in Pcan\Controllers\ControllerBase
[Wed, 16 Jul 14 14:50:19 +1000][DEBUG] Public page index in Pcan\Controllers\ControllerBase
[Wed, 16 Jul 14 14:50:37 +1000][DEBUG] Private page blog in Pcan\Controllers\ControllerBase
[Wed, 16 Jul 14 14:50:39 +1000][DEBUG] Public page index in Pcan\Controllers\ControllerBase
[Wed, 16 Jul 14 14:50:55 +1000][DEBUG] Private page blog in Pcan\Controllers\ControllerBase
[Wed, 16 Jul 14 14:50:56 +1000][DEBUG] Public page index in Pcan\Controllers\ControllerBase
[Wed, 16 Jul 14 14:51:11 +1000][DEBUG] Private page blog in Pcan\Controllers\ControllerBase
[Wed, 16 Jul 14 14:51:12 +1000][DEBUG] Public page index in Pcan\Controllers\ControllerBase
[Wed, 16 Jul 14 14:58:24 +1000][DEBUG] Private page blog in Pcan\Controllers\ControllerBase
[Wed, 16 Jul 14 14:58:26 +1000][DEBUG] Public page read in Pcan\Controllers\ControllerBase
[Wed, 16 Jul 14 14:58:28 +1000][DEBUG] Public page read in Pcan\Controllers\ControllerBase
[Wed, 16 Jul 14 14:58:36 +1000][DEBUG] Public page index in Pcan\Controllers\ControllerBase
[Wed, 16 Jul 14 15:01:59 +1000][DEBUG] Private page permissions in Pcan\Controllers\ControllerBase
[Wed, 16 Jul 14 15:02:04 +1000][DEBUG] Private page permissions in Pcan\Controllers\ControllerBase
[Wed, 16 Jul 14 15:02:14 +1000][DEBUG] Private page permissions in Pcan\Controllers\ControllerBase
[Wed, 16 Jul 14 15:02:29 +1000][DEBUG] Public page read in Pcan\Controllers\ControllerBase
[Wed, 16 Jul 14 15:02:31 +1000][DEBUG] Public page read in Pcan\Controllers\ControllerBase
[Wed, 16 Jul 14 15:02:37 +1000][DEBUG] Public page index in Pcan\Controllers\ControllerBase
[Wed, 16 Jul 14 15:14:14 +1000][DEBUG] Public page index in Pcan\Controllers\ControllerBase
[Wed, 16 Jul 14 15:14:14 +1000][DEBUG] Public page index in Pcan\Controllers\ControllerBase
[Wed, 16 Jul 14 15:14:14 +1000][DEBUG] Public page index in Pcan\Controllers\ControllerBase
[Wed, 16 Jul 14 15:14:14 +1000][DEBUG] Public page index in Pcan\Controllers\ControllerBase
[Wed, 16 Jul 14 15:14:16 +1000][DEBUG] Public page read in Pcan\Controllers\ControllerBase
[Wed, 16 Jul 14 15:14:17 +1000][DEBUG] Public page read in Pcan\Controllers\ControllerBase
[Wed, 16 Jul 14 15:14:20 +1000][DEBUG] Public page index in Pcan\Controllers\ControllerBase
[Wed, 16 Jul 14 15:19:55 +1000][DEBUG] Public page read in Pcan\Controllers\ControllerBase
[Wed, 16 Jul 14 15:20:00 +1000][DEBUG] Public page index in Pcan\Controllers\ControllerBase
[Wed, 16 Jul 14 15:22:04 +1000][DEBUG] Public page index in Pcan\Controllers\ControllerBase
[Wed, 16 Jul 14 15:22:09 +1000][DEBUG] Public page read in Pcan\Controllers\ControllerBase
[Wed, 16 Jul 14 15:22:10 +1000][DEBUG] Public page index in Pcan\Controllers\ControllerBase
[Wed, 16 Jul 14 15:23:07 +1000][DEBUG] Private page permissions in Pcan\Controllers\ControllerBase
[Wed, 16 Jul 14 15:23:10 +1000][DEBUG] Private page permissions in Pcan\Controllers\ControllerBase
[Wed, 16 Jul 14 15:24:57 +1000][DEBUG] Public page read in Pcan\Controllers\ControllerBase
[Wed, 16 Jul 14 15:24:58 +1000][DEBUG] Public page read in Pcan\Controllers\ControllerBase
[Wed, 16 Jul 14 15:25:01 +1000][DEBUG] Private page comment in Pcan\Controllers\ControllerBase
[Wed, 16 Jul 14 15:26:04 +1000][DEBUG] Private page comment in Pcan\Controllers\ControllerBase
[Wed, 16 Jul 14 15:34:02 +1000][DEBUG] Private page comment in Pcan\Controllers\ControllerBase
[Wed, 16 Jul 14 15:34:07 +1000][DEBUG] Public page read in Pcan\Controllers\ControllerBase
[Wed, 16 Jul 14 15:34:08 +1000][DEBUG] Private page comment in Pcan\Controllers\ControllerBase
[Wed, 16 Jul 14 15:34:23 +1000][DEBUG] Private page comment in Pcan\Controllers\ControllerBase
[Wed, 16 Jul 14 15:34:59 +1000][DEBUG] Private page comment in Pcan\Controllers\ControllerBase
[Wed, 16 Jul 14 15:35:23 +1000][DEBUG] Private page comment in Pcan\Controllers\ControllerBase
[Wed, 16 Jul 14 15:35:48 +1000][DEBUG] Private page comment in Pcan\Controllers\ControllerBase
[Wed, 16 Jul 14 15:35:52 +1000][DEBUG] Private page comment in Pcan\Controllers\ControllerBase
[Wed, 16 Jul 14 15:35:56 +1000][DEBUG] Public page read in Pcan\Controllers\ControllerBase
[Wed, 16 Jul 14 15:35:57 +1000][DEBUG] Private page comment in Pcan\Controllers\ControllerBase
[Wed, 16 Jul 14 15:36:39 +1000][DEBUG] Private page comment in Pcan\Controllers\ControllerBase
[Wed, 16 Jul 14 15:36:52 +1000][DEBUG] Private page comment in Pcan\Controllers\ControllerBase
[Wed, 16 Jul 14 15:37:27 +1000][DEBUG] Private page comment in Pcan\Controllers\ControllerBase
[Wed, 16 Jul 14 15:38:52 +1000][DEBUG] Public page read in Pcan\Controllers\ControllerBase
[Wed, 16 Jul 14 15:39:29 +1000][DEBUG] Public page read in Pcan\Controllers\ControllerBase
[Wed, 16 Jul 14 15:39:32 +1000][DEBUG] Private page comment in Pcan\Controllers\ControllerBase
[Wed, 16 Jul 14 15:42:32 +1000][DEBUG] Private page comment in Pcan\Controllers\ControllerBase
[Wed, 16 Jul 14 15:42:36 +1000][DEBUG] Private page comment in Pcan\Controllers\ControllerBase
[Wed, 16 Jul 14 15:52:58 +1000][DEBUG] Private page comment in Pcan\Controllers\ControllerBase
[Wed, 16 Jul 14 15:54:17 +1000][DEBUG] Private page comment in Pcan\Controllers\ControllerBase
[Wed, 16 Jul 14 15:54:36 +1000][DEBUG] Private page comment in Pcan\Controllers\ControllerBase
[Wed, 16 Jul 14 16:17:04 +1000][DEBUG] Public page index in Pcan\Controllers\ControllerBase
[Wed, 16 Jul 14 16:17:04 +1000][DEBUG] Public page index in Pcan\Controllers\ControllerBase
[Wed, 16 Jul 14 16:17:05 +1000][DEBUG] Public page index in Pcan\Controllers\ControllerBase
[Wed, 16 Jul 14 16:17:05 +1000][DEBUG] Public page index in Pcan\Controllers\ControllerBase
[Wed, 16 Jul 14 16:17:08 +1000][DEBUG] Public page read in Pcan\Controllers\ControllerBase
[Wed, 16 Jul 14 16:17:09 +1000][DEBUG] Public page read in Pcan\Controllers\ControllerBase
[Wed, 16 Jul 14 16:17:14 +1000][DEBUG] Private page comment in Pcan\Controllers\ControllerBase
[Wed, 16 Jul 14 16:18:45 +1000][DEBUG] Public page read in Pcan\Controllers\ControllerBase
[Wed, 16 Jul 14 16:18:50 +1000][DEBUG] Private page comment in Pcan\Controllers\ControllerBase
[Wed, 16 Jul 14 16:19:29 +1000][DEBUG] Public page read in Pcan\Controllers\ControllerBase
[Wed, 16 Jul 14 16:20:51 +1000][DEBUG] Public page read in Pcan\Controllers\ControllerBase
[Wed, 16 Jul 14 16:20:53 +1000][DEBUG] Private page comment in Pcan\Controllers\ControllerBase
[Wed, 16 Jul 14 19:23:21 +1000][DEBUG] Public page index in Pcan\Controllers\ControllerBase
[Wed, 16 Jul 14 19:23:21 +1000][DEBUG] Public page index in Pcan\Controllers\ControllerBase
[Wed, 16 Jul 14 19:23:22 +1000][DEBUG] Public page index in Pcan\Controllers\ControllerBase
[Wed, 16 Jul 14 19:23:22 +1000][DEBUG] Public page index in Pcan\Controllers\ControllerBase
[Wed, 16 Jul 14 19:23:25 +1000][DEBUG] Public page read in Pcan\Controllers\ControllerBase
[Wed, 16 Jul 14 19:23:26 +1000][DEBUG] Public page read in Pcan\Controllers\ControllerBase
[Wed, 16 Jul 14 19:23:36 +1000][DEBUG] Public page index in Pcan\Controllers\ControllerBase
[Wed, 16 Jul 14 19:23:36 +1000][DEBUG] Public page index in Pcan\Controllers\ControllerBase
[Wed, 16 Jul 14 19:23:36 +1000][DEBUG] Public page index in Pcan\Controllers\ControllerBase
[Wed, 16 Jul 14 19:23:37 +1000][DEBUG] Public page read in Pcan\Controllers\ControllerBase
[Wed, 16 Jul 14 19:23:41 +1000][DEBUG] Public page read in Pcan\Controllers\ControllerBase
[Wed, 16 Jul 14 19:24:00 +1000][DEBUG] Public page read in Pcan\Controllers\ControllerBase
[Wed, 16 Jul 14 19:24:20 +1000][DEBUG] Public page read in Pcan\Controllers\ControllerBase
[Wed, 16 Jul 14 19:24:23 +1000][DEBUG] Public page read in Pcan\Controllers\ControllerBase
[Wed, 16 Jul 14 19:25:15 +1000][DEBUG] Public page read in Pcan\Controllers\ControllerBase
[Wed, 16 Jul 14 19:25:51 +1000][DEBUG] Public page read in Pcan\Controllers\ControllerBase
[Wed, 16 Jul 14 19:26:03 +1000][DEBUG] Public page session in Pcan\Controllers\ControllerBase
[Wed, 16 Jul 14 19:26:32 +1000][DEBUG] Public page read in Pcan\Controllers\ControllerBase
[Wed, 16 Jul 14 19:27:13 +1000][DEBUG] Public page session in Pcan\Controllers\ControllerBase
[Wed, 16 Jul 14 19:28:11 +1000][DEBUG] Public page session in Pcan\Controllers\ControllerBase
[Wed, 16 Jul 14 19:28:14 +1000][DEBUG] Public page session in Pcan\Controllers\ControllerBase
[Wed, 16 Jul 14 19:30:24 +1000][DEBUG] Public page session in Pcan\Controllers\ControllerBase
[Wed, 16 Jul 14 19:30:34 +1000][DEBUG] Public page session in Pcan\Controllers\ControllerBase
[Wed, 16 Jul 14 19:31:17 +1000][DEBUG] Public page session in Pcan\Controllers\ControllerBase
[Wed, 16 Jul 14 19:32:16 +1000][DEBUG] Public page session in Pcan\Controllers\ControllerBase
[Wed, 16 Jul 14 19:32:36 +1000][DEBUG] Public page session in Pcan\Controllers\ControllerBase
[Wed, 16 Jul 14 19:34:08 +1000][DEBUG] Public page session in Pcan\Controllers\ControllerBase
[Wed, 16 Jul 14 19:37:22 +1000][DEBUG] Public page session in Pcan\Controllers\ControllerBase
[Wed, 16 Jul 14 19:37:54 +1000][DEBUG] Public page session in Pcan\Controllers\ControllerBase
[Wed, 16 Jul 14 19:38:45 +1000][DEBUG] Public page session in Pcan\Controllers\ControllerBase
[Wed, 16 Jul 14 19:39:01 +1000][DEBUG] Public page session in Pcan\Controllers\ControllerBase
[Wed, 16 Jul 14 19:41:15 +1000][DEBUG] Public page session in Pcan\Controllers\ControllerBase
[Wed, 16 Jul 14 19:41:33 +1000][DEBUG] Public page session in Pcan\Controllers\ControllerBase
[Wed, 16 Jul 14 19:41:49 +1000][DEBUG] Public page session in Pcan\Controllers\ControllerBase
[Wed, 16 Jul 14 19:42:11 +1000][DEBUG] Public page read in Pcan\Controllers\ControllerBase
[Wed, 16 Jul 14 19:42:14 +1000][DEBUG] Public page read in Pcan\Controllers\ControllerBase
[Wed, 16 Jul 14 19:42:21 +1000][DEBUG] Public page index in Pcan\Controllers\ControllerBase
[Wed, 16 Jul 14 19:42:21 +1000][DEBUG] Public page index in Pcan\Controllers\ControllerBase
[Wed, 16 Jul 14 19:42:21 +1000][DEBUG] Public page index in Pcan\Controllers\ControllerBase
[Wed, 16 Jul 14 19:42:49 +1000][DEBUG] Public page index in Pcan\Controllers\ControllerBase
[Wed, 16 Jul 14 19:42:49 +1000][DEBUG] Public page index in Pcan\Controllers\ControllerBase
[Wed, 16 Jul 14 19:42:50 +1000][DEBUG] Public page index in Pcan\Controllers\ControllerBase
[Wed, 16 Jul 14 19:42:50 +1000][DEBUG] Public page index in Pcan\Controllers\ControllerBase
[Wed, 16 Jul 14 19:43:14 +1000][DEBUG] Public page read in Pcan\Controllers\ControllerBase
[Wed, 16 Jul 14 19:44:38 +1000][DEBUG] Public page read in Pcan\Controllers\ControllerBase
[Wed, 16 Jul 14 19:44:42 +1000][DEBUG] Public page session in Pcan\Controllers\ControllerBase
[Wed, 16 Jul 14 19:46:33 +1000][DEBUG] Public page session in Pcan\Controllers\ControllerBase
[Wed, 16 Jul 14 19:47:06 +1000][DEBUG] Public page session in Pcan\Controllers\ControllerBase
[Wed, 16 Jul 14 19:47:41 +1000][DEBUG] Public page session in Pcan\Controllers\ControllerBase
[Wed, 16 Jul 14 19:49:09 +1000][DEBUG] Public page session in Pcan\Controllers\ControllerBase
[Wed, 16 Jul 14 19:49:17 +1000][DEBUG] Public page session in Pcan\Controllers\ControllerBase
[Wed, 16 Jul 14 19:49:17 +1000][DEBUG] Private page myaccount in Pcan\Controllers\ControllerBase
[Wed, 16 Jul 14 19:49:22 +1000][DEBUG] Private page blog in Pcan\Controllers\ControllerBase
[Wed, 16 Jul 14 19:49:24 +1000][DEBUG] Public page read in Pcan\Controllers\ControllerBase
[Wed, 16 Jul 14 19:49:25 +1000][DEBUG] Public page read in Pcan\Controllers\ControllerBase
[Wed, 16 Jul 14 19:49:39 +1000][DEBUG] Private page comment in Pcan\Controllers\ControllerBase
[Wed, 16 Jul 14 21:21:46 +1000][DEBUG] Public page index in Pcan\Controllers\ControllerBase
[Wed, 16 Jul 14 21:21:46 +1000][DEBUG] Public page index in Pcan\Controllers\ControllerBase
[Wed, 16 Jul 14 21:21:46 +1000][DEBUG] Public page index in Pcan\Controllers\ControllerBase
[Wed, 16 Jul 14 21:21:46 +1000][DEBUG] Public page index in Pcan\Controllers\ControllerBase
[Wed, 16 Jul 14 21:21:49 +1000][DEBUG] Private page permissions in Pcan\Controllers\ControllerBase
[Wed, 16 Jul 14 21:21:53 +1000][DEBUG] Private page permissions in Pcan\Controllers\ControllerBase
[Wed, 16 Jul 14 21:22:01 +1000][DEBUG] Private page permissions in Pcan\Controllers\ControllerBase
[Wed, 16 Jul 14 21:22:04 +1000][DEBUG] Public page read in Pcan\Controllers\ControllerBase
[Wed, 16 Jul 14 21:22:05 +1000][DEBUG] Public page read in Pcan\Controllers\ControllerBase
[Wed, 16 Jul 14 21:23:24 +1000][DEBUG] Private page comment in Pcan\Controllers\ControllerBase
[Wed, 16 Jul 14 21:26:00 +1000][DEBUG] Private page comment in Pcan\Controllers\ControllerBase
[Wed, 16 Jul 14 21:27:06 +1000][DEBUG] Public page read in Pcan\Controllers\ControllerBase
[Wed, 16 Jul 14 21:27:09 +1000][DEBUG] Private page comment in Pcan\Controllers\ControllerBase
[Wed, 16 Jul 14 21:27:18 +1000][DEBUG] Private page comment in Pcan\Controllers\ControllerBase
[Wed, 16 Jul 14 21:27:24 +1000][DEBUG] Public page read in Pcan\Controllers\ControllerBase
[Wed, 16 Jul 14 21:32:33 +1000][DEBUG] Private page comment in Pcan\Controllers\ControllerBase
[Wed, 16 Jul 14 21:38:29 +1000][DEBUG] Public page index in Pcan\Controllers\ControllerBase
[Wed, 16 Jul 14 21:38:29 +1000][DEBUG] Public page index in Pcan\Controllers\ControllerBase
[Wed, 16 Jul 14 21:38:29 +1000][DEBUG] Public page index in Pcan\Controllers\ControllerBase
[Wed, 16 Jul 14 21:38:29 +1000][DEBUG] Public page index in Pcan\Controllers\ControllerBase
[Wed, 16 Jul 14 21:38:31 +1000][DEBUG] Public page read in Pcan\Controllers\ControllerBase
[Wed, 16 Jul 14 21:38:36 +1000][DEBUG] Private page comment in Pcan\Controllers\ControllerBase
[Wed, 16 Jul 14 21:38:44 +1000][DEBUG] Private page comment in Pcan\Controllers\ControllerBase
[Wed, 16 Jul 14 21:38:44 +1000][DEBUG] Public page index in Pcan\Controllers\ControllerBase
[Wed, 16 Jul 14 21:38:52 +1000][DEBUG] Public page read in Pcan\Controllers\ControllerBase
[Wed, 16 Jul 14 21:38:56 +1000][DEBUG] Public page index in Pcan\Controllers\ControllerBase
[Wed, 16 Jul 14 21:39:11 +1000][DEBUG] Public page read in Pcan\Controllers\ControllerBase
[Wed, 16 Jul 14 21:39:14 +1000][DEBUG] Private page comment in Pcan\Controllers\ControllerBase
[Wed, 16 Jul 14 21:39:21 +1000][DEBUG] Private page comment in Pcan\Controllers\ControllerBase
[Wed, 16 Jul 14 21:39:21 +1000][DEBUG] Public page read in Pcan\Controllers\ControllerBase
[Wed, 16 Jul 14 21:42:38 +1000][DEBUG] Public page session in Pcan\Controllers\ControllerBase
[Wed, 16 Jul 14 21:42:38 +1000][DEBUG] Public page index in Pcan\Controllers\ControllerBase
[Wed, 16 Jul 14 21:42:39 +1000][DEBUG] Public page index in Pcan\Controllers\ControllerBase
[Wed, 16 Jul 14 21:42:39 +1000][DEBUG] Public page index in Pcan\Controllers\ControllerBase
[Wed, 16 Jul 14 21:42:40 +1000][DEBUG] Public page session in Pcan\Controllers\ControllerBase
[Wed, 16 Jul 14 21:42:49 +1000][DEBUG] Public page session in Pcan\Controllers\ControllerBase
[Wed, 16 Jul 14 21:42:49 +1000][DEBUG] Private page myaccount in Pcan\Controllers\ControllerBase
[Wed, 16 Jul 14 21:42:56 +1000][DEBUG] Public page read in Pcan\Controllers\ControllerBase
[Wed, 16 Jul 14 21:42:57 +1000][DEBUG] Public page read in Pcan\Controllers\ControllerBase
[Wed, 16 Jul 14 21:43:13 +1000][DEBUG] Public page session in Pcan\Controllers\ControllerBase
[Wed, 16 Jul 14 21:43:13 +1000][DEBUG] Public page index in Pcan\Controllers\ControllerBase
[Wed, 16 Jul 14 21:43:13 +1000][DEBUG] Public page index in Pcan\Controllers\ControllerBase
[Wed, 16 Jul 14 21:43:13 +1000][DEBUG] Public page index in Pcan\Controllers\ControllerBase
[Wed, 16 Jul 14 21:43:15 +1000][DEBUG] Public page read in Pcan\Controllers\ControllerBase
[Wed, 16 Jul 14 21:48:30 +1000][DEBUG] Public page read in Pcan\Controllers\ControllerBase
[Wed, 16 Jul 14 21:50:30 +1000][DEBUG] Public page read in Pcan\Controllers\ControllerBase
[Wed, 16 Jul 14 21:51:15 +1000][DEBUG] Public page read in Pcan\Controllers\ControllerBase
[Wed, 16 Jul 14 21:52:13 +1000][DEBUG] Public page read in Pcan\Controllers\ControllerBase
[Wed, 16 Jul 14 21:53:00 +1000][DEBUG] Public page read in Pcan\Controllers\ControllerBase
[Wed, 16 Jul 14 22:02:18 +1000][DEBUG] Public page read in Pcan\Controllers\ControllerBase
[Wed, 16 Jul 14 22:04:25 +1000][DEBUG] Public page read in Pcan\Controllers\ControllerBase
[Wed, 16 Jul 14 22:06:28 +1000][DEBUG] Public page contact in Pcan\Controllers\ControllerBase
[Wed, 16 Jul 14 22:06:30 +1000][DEBUG] Public page about in Pcan\Controllers\ControllerBase
[Wed, 16 Jul 14 22:06:30 +1000][DEBUG] Public page index in Pcan\Controllers\ControllerBase
[Wed, 16 Jul 14 22:06:31 +1000][DEBUG] Public page session in Pcan\Controllers\ControllerBase
[Wed, 16 Jul 14 22:06:33 +1000][DEBUG] Public page session in Pcan\Controllers\ControllerBase
[Wed, 16 Jul 14 22:08:29 +1000][DEBUG] Public page session in Pcan\Controllers\ControllerBase
[Wed, 16 Jul 14 22:10:08 +1000][DEBUG] Public page session in Pcan\Controllers\ControllerBase
[Wed, 16 Jul 14 22:11:20 +1000][DEBUG] Public page read in Pcan\Controllers\ControllerBase
[Wed, 16 Jul 14 22:11:23 +1000][DEBUG] Public page read in Pcan\Controllers\ControllerBase
[Wed, 16 Jul 14 22:11:36 +1000][DEBUG] Public page read in Pcan\Controllers\ControllerBase
[Wed, 16 Jul 14 22:13:05 +1000][DEBUG] Public page read in Pcan\Controllers\ControllerBase
[Wed, 16 Jul 14 22:13:22 +1000][DEBUG] Public page session in Pcan\Controllers\ControllerBase
[Wed, 16 Jul 14 22:13:32 +1000][DEBUG] Public page session in Pcan\Controllers\ControllerBase
[Wed, 16 Jul 14 22:13:32 +1000][DEBUG] Private page myaccount in Pcan\Controllers\ControllerBase
[Wed, 16 Jul 14 22:13:37 +1000][DEBUG] Public page read in Pcan\Controllers\ControllerBase
[Wed, 16 Jul 14 22:13:38 +1000][DEBUG] Public page read in Pcan\Controllers\ControllerBase
[Wed, 16 Jul 14 22:18:54 +1000][DEBUG] Public page read in Pcan\Controllers\ControllerBase
[Wed, 16 Jul 14 22:18:57 +1000][DEBUG] Private page blog in Pcan\Controllers\ControllerBase
[Wed, 16 Jul 14 22:18:57 +1000][DEBUG] Public page user_control in Pcan\Controllers\ControllerBase
[Wed, 16 Jul 14 22:19:08 +1000][DEBUG] Public page session in Pcan\Controllers\ControllerBase
[Wed, 16 Jul 14 22:19:08 +1000][DEBUG] Public page index in Pcan\Controllers\ControllerBase
[Wed, 16 Jul 14 22:19:08 +1000][DEBUG] Public page index in Pcan\Controllers\ControllerBase
[Wed, 16 Jul 14 22:19:08 +1000][DEBUG] Public page index in Pcan\Controllers\ControllerBase
[Wed, 16 Jul 14 22:19:10 +1000][DEBUG] Public page session in Pcan\Controllers\ControllerBase
[Wed, 16 Jul 14 22:19:15 +1000][DEBUG] Public page session in Pcan\Controllers\ControllerBase
[Wed, 16 Jul 14 22:19:15 +1000][DEBUG] Private page myaccount in Pcan\Controllers\ControllerBase
[Wed, 16 Jul 14 22:19:28 +1000][DEBUG] Private page permissions in Pcan\Controllers\ControllerBase
[Wed, 16 Jul 14 22:19:54 +1000][DEBUG] Private page permissions in Pcan\Controllers\ControllerBase
[Wed, 16 Jul 14 22:20:51 +1000][DEBUG] Private page permissions in Pcan\Controllers\ControllerBase
[Wed, 16 Jul 14 22:20:57 +1000][DEBUG] Public page session in Pcan\Controllers\ControllerBase
[Wed, 16 Jul 14 22:20:57 +1000][DEBUG] Public page index in Pcan\Controllers\ControllerBase
[Wed, 16 Jul 14 22:20:57 +1000][DEBUG] Public page index in Pcan\Controllers\ControllerBase
[Wed, 16 Jul 14 22:20:57 +1000][DEBUG] Public page index in Pcan\Controllers\ControllerBase
[Wed, 16 Jul 14 22:20:59 +1000][DEBUG] Public page session in Pcan\Controllers\ControllerBase
[Wed, 16 Jul 14 22:21:03 +1000][DEBUG] Public page session in Pcan\Controllers\ControllerBase
[Wed, 16 Jul 14 22:21:03 +1000][DEBUG] Private page myaccount in Pcan\Controllers\ControllerBase
[Wed, 16 Jul 14 22:21:08 +1000][DEBUG] Private page blog in Pcan\Controllers\ControllerBase
[Wed, 16 Jul 14 22:21:14 +1000][DEBUG] Private page blog in Pcan\Controllers\ControllerBase
[Wed, 16 Jul 14 22:21:34 +1000][DEBUG] Private page blog in Pcan\Controllers\ControllerBase
[Wed, 16 Jul 14 22:21:44 +1000][DEBUG] Private page blog in Pcan\Controllers\ControllerBase
[Wed, 16 Jul 14 22:21:49 +1000][DEBUG] Private page blog in Pcan\Controllers\ControllerBase
[Wed, 16 Jul 14 22:21:58 +1000][DEBUG] Private page blog in Pcan\Controllers\ControllerBase
[Wed, 16 Jul 14 22:22:12 +1000][DEBUG] Private page blog in Pcan\Controllers\ControllerBase
[Wed, 16 Jul 14 22:39:14 +1000][DEBUG] Private page blog in Pcan\Controllers\ControllerBase
[Wed, 16 Jul 14 22:39:14 +1000][DEBUG] Public page index in Pcan\Controllers\ControllerBase
[Wed, 16 Jul 14 22:40:01 +1000][DEBUG] Public page index in Pcan\Controllers\ControllerBase
[Wed, 16 Jul 14 22:53:20 +1000][DEBUG] Private page blog in Pcan\Controllers\ControllerBase
[Wed, 16 Jul 14 22:53:57 +1000][DEBUG] Private page blog in Pcan\Controllers\ControllerBase
[Wed, 16 Jul 14 22:53:57 +1000][DEBUG] Public page index in Pcan\Controllers\ControllerBase
[Wed, 16 Jul 14 22:54:04 +1000][DEBUG] Public page session in Pcan\Controllers\ControllerBase
[Wed, 16 Jul 14 22:54:04 +1000][DEBUG] Public page index in Pcan\Controllers\ControllerBase
[Wed, 16 Jul 14 22:54:04 +1000][DEBUG] Public page index in Pcan\Controllers\ControllerBase
[Wed, 16 Jul 14 22:54:04 +1000][DEBUG] Public page index in Pcan\Controllers\ControllerBase
[Wed, 16 Jul 14 22:54:06 +1000][DEBUG] Public page session in Pcan\Controllers\ControllerBase
[Wed, 16 Jul 14 22:54:10 +1000][DEBUG] Public page session in Pcan\Controllers\ControllerBase
[Wed, 16 Jul 14 22:54:10 +1000][DEBUG] Private page myaccount in Pcan\Controllers\ControllerBase
[Wed, 16 Jul 14 22:54:12 +1000][DEBUG] Private page permissions in Pcan\Controllers\ControllerBase
[Wed, 16 Jul 14 22:54:15 +1000][DEBUG] Private page permissions in Pcan\Controllers\ControllerBase
[Wed, 16 Jul 14 22:56:27 +1000][DEBUG] Private page permissions in Pcan\Controllers\ControllerBase
[Wed, 16 Jul 14 22:56:31 +1000][DEBUG] Public page read in Pcan\Controllers\ControllerBase
[Wed, 16 Jul 14 22:56:33 +1000][DEBUG] Public page read in Pcan\Controllers\ControllerBase
[Wed, 16 Jul 14 22:59:29 +1000][DEBUG] Public page read in Pcan\Controllers\ControllerBase
[Wed, 16 Jul 14 22:59:32 +1000][DEBUG] Public page read in Pcan\Controllers\ControllerBase
[Wed, 16 Jul 14 22:59:34 +1000][DEBUG] Public page read in Pcan\Controllers\ControllerBase
[Wed, 16 Jul 14 22:59:44 +1000][DEBUG] Public page read in Pcan\Controllers\ControllerBase
[Wed, 16 Jul 14 22:59:58 +1000][DEBUG] Private page blog in Pcan\Controllers\ControllerBase
[Wed, 16 Jul 14 23:00:01 +1000][DEBUG] Private page blog in Pcan\Controllers\ControllerBase
[Wed, 16 Jul 14 23:00:20 +1000][DEBUG] Public page read in Pcan\Controllers\ControllerBase
[Wed, 16 Jul 14 23:00:29 +1000][DEBUG] Public page session in Pcan\Controllers\ControllerBase
[Wed, 16 Jul 14 23:00:29 +1000][DEBUG] Public page index in Pcan\Controllers\ControllerBase
[Wed, 16 Jul 14 23:00:29 +1000][DEBUG] Public page index in Pcan\Controllers\ControllerBase
[Wed, 16 Jul 14 23:00:29 +1000][DEBUG] Public page index in Pcan\Controllers\ControllerBase
[Wed, 16 Jul 14 23:00:31 +1000][DEBUG] Public page session in Pcan\Controllers\ControllerBase
[Wed, 16 Jul 14 23:00:35 +1000][DEBUG] Public page session in Pcan\Controllers\ControllerBase
[Wed, 16 Jul 14 23:00:35 +1000][DEBUG] Private page myaccount in Pcan\Controllers\ControllerBase
[Wed, 16 Jul 14 23:00:39 +1000][DEBUG] Private page blog in Pcan\Controllers\ControllerBase
[Wed, 16 Jul 14 23:00:43 +1000][DEBUG] Private page blog in Pcan\Controllers\ControllerBase
[Wed, 16 Jul 14 23:00:43 +1000][DEBUG] Private page blog in Pcan\Controllers\ControllerBase
[Wed, 16 Jul 14 23:02:34 +1000][DEBUG] Private page blog in Pcan\Controllers\ControllerBase
[Wed, 16 Jul 14 23:02:36 +1000][DEBUG] Private page blog in Pcan\Controllers\ControllerBase
[Wed, 16 Jul 14 23:02:38 +1000][DEBUG] Private page blog in Pcan\Controllers\ControllerBase
[Wed, 16 Jul 14 23:02:38 +1000][DEBUG] Private page blog in Pcan\Controllers\ControllerBase
[Wed, 16 Jul 14 23:03:32 +1000][DEBUG] Private page blog in Pcan\Controllers\ControllerBase
[Wed, 16 Jul 14 23:03:34 +1000][DEBUG] Public page index in Pcan\Controllers\ControllerBase
[Wed, 16 Jul 14 23:03:34 +1000][DEBUG] Public page index in Pcan\Controllers\ControllerBase
[Wed, 16 Jul 14 23:03:34 +1000][DEBUG] Public page index in Pcan\Controllers\ControllerBase
[Wed, 16 Jul 14 23:03:34 +1000][DEBUG] Public page index in Pcan\Controllers\ControllerBase
[Wed, 16 Jul 14 23:03:36 +1000][DEBUG] Public page read in Pcan\Controllers\ControllerBase
[Wed, 16 Jul 14 23:04:12 +1000][DEBUG] Public page read in Pcan\Controllers\ControllerBase
[Wed, 16 Jul 14 23:07:26 +1000][DEBUG] Public page read in Pcan\Controllers\ControllerBase
[Wed, 16 Jul 14 23:16:10 +1000][DEBUG] Public page read in Pcan\Controllers\ControllerBase
[Wed, 16 Jul 14 23:18:03 +1000][DEBUG] Public page read in Pcan\Controllers\ControllerBase
[Wed, 16 Jul 14 23:18:57 +1000][DEBUG] Public page read in Pcan\Controllers\ControllerBase
[Wed, 16 Jul 14 23:19:48 +1000][DEBUG] Private page comment in Pcan\Controllers\ControllerBase
[Wed, 16 Jul 14 23:19:53 +1000][DEBUG] Public page read in Pcan\Controllers\ControllerBase
[Wed, 16 Jul 14 23:20:45 +1000][DEBUG] Private page comment in Pcan\Controllers\ControllerBase
[Wed, 16 Jul 14 23:21:35 +1000][DEBUG] Private page blog in Pcan\Controllers\ControllerBase
[Wed, 16 Jul 14 23:22:01 +1000][DEBUG] Private page blog in Pcan\Controllers\ControllerBase
[Wed, 16 Jul 14 23:22:01 +1000][DEBUG] Private page blog in Pcan\Controllers\ControllerBase
[Wed, 16 Jul 14 23:22:16 +1000][DEBUG] Private page blog in Pcan\Controllers\ControllerBase
[Wed, 16 Jul 14 23:22:25 +1000][DEBUG] Private page blog in Pcan\Controllers\ControllerBase
[Wed, 16 Jul 14 23:22:30 +1000][DEBUG] Private page blog in Pcan\Controllers\ControllerBase
[Wed, 16 Jul 14 23:23:34 +1000][DEBUG] Private page blog in Pcan\Controllers\ControllerBase
[Wed, 16 Jul 14 23:23:34 +1000][DEBUG] Private page blog in Pcan\Controllers\ControllerBase
[Wed, 16 Jul 14 23:23:38 +1000][DEBUG] Private page blog in Pcan\Controllers\ControllerBase
[Wed, 16 Jul 14 23:23:49 +1000][DEBUG] Private page blog in Pcan\Controllers\ControllerBase
[Wed, 16 Jul 14 23:25:32 +1000][DEBUG] Private page blog in Pcan\Controllers\ControllerBase
[Wed, 16 Jul 14 23:25:41 +1000][DEBUG] Private page blog in Pcan\Controllers\ControllerBase
[Wed, 16 Jul 14 23:25:43 +1000][DEBUG] Private page blog in Pcan\Controllers\ControllerBase
[Wed, 16 Jul 14 23:26:03 +1000][DEBUG] Private page blog in Pcan\Controllers\ControllerBase
[Wed, 16 Jul 14 23:26:13 +1000][DEBUG] Private page blog in Pcan\Controllers\ControllerBase
[Wed, 16 Jul 14 23:26:32 +1000][DEBUG] Private page comment in Pcan\Controllers\ControllerBase
[Wed, 16 Jul 14 23:26:36 +1000][DEBUG] Private page blog in Pcan\Controllers\ControllerBase
[Wed, 16 Jul 14 23:27:12 +1000][DEBUG] Private page blog in Pcan\Controllers\ControllerBase
[Wed, 16 Jul 14 23:27:37 +1000][DEBUG] Public page session in Pcan\Controllers\ControllerBase
[Wed, 16 Jul 14 23:27:37 +1000][DEBUG] Public page index in Pcan\Controllers\ControllerBase
[Wed, 16 Jul 14 23:27:37 +1000][DEBUG] Public page index in Pcan\Controllers\ControllerBase
[Wed, 16 Jul 14 23:27:37 +1000][DEBUG] Public page index in Pcan\Controllers\ControllerBase
[Wed, 16 Jul 14 23:27:52 +1000][DEBUG] Public page session in Pcan\Controllers\ControllerBase
[Wed, 16 Jul 14 23:27:55 +1000][DEBUG] Public page session in Pcan\Controllers\ControllerBase
[Wed, 16 Jul 14 23:28:05 +1000][DEBUG] Public page session in Pcan\Controllers\ControllerBase
[Wed, 16 Jul 14 23:28:05 +1000][DEBUG] Private page myaccount in Pcan\Controllers\ControllerBase
[Wed, 16 Jul 14 23:28:15 +1000][DEBUG] Public page read in Pcan\Controllers\ControllerBase
[Wed, 16 Jul 14 23:28:23 +1000][DEBUG] Private page permissions in Pcan\Controllers\ControllerBase
[Wed, 16 Jul 14 23:28:26 +1000][DEBUG] Private page permissions in Pcan\Controllers\ControllerBase
[Wed, 16 Jul 14 23:28:47 +1000][DEBUG] Private page permissions in Pcan\Controllers\ControllerBase
[Wed, 16 Jul 14 23:28:51 +1000][DEBUG] Public page session in Pcan\Controllers\ControllerBase
[Wed, 16 Jul 14 23:28:51 +1000][DEBUG] Public page index in Pcan\Controllers\ControllerBase
[Wed, 16 Jul 14 23:28:51 +1000][DEBUG] Public page index in Pcan\Controllers\ControllerBase
[Wed, 16 Jul 14 23:28:51 +1000][DEBUG] Public page index in Pcan\Controllers\ControllerBase
[Wed, 16 Jul 14 23:29:00 +1000][DEBUG] Public page session in Pcan\Controllers\ControllerBase
[Wed, 16 Jul 14 23:29:16 +1000][DEBUG] Public page session in Pcan\Controllers\ControllerBase
[Wed, 16 Jul 14 23:29:16 +1000][DEBUG] Private page myaccount in Pcan\Controllers\ControllerBase
[Wed, 16 Jul 14 23:29:18 +1000][DEBUG] Private page blog in Pcan\Controllers\ControllerBase
[Wed, 16 Jul 14 23:29:22 +1000][DEBUG] Public page read in Pcan\Controllers\ControllerBase
[Wed, 16 Jul 14 23:29:25 +1000][DEBUG] Public page read in Pcan\Controllers\ControllerBase
[Wed, 16 Jul 14 23:29:30 +1000][DEBUG] Public page read in Pcan\Controllers\ControllerBase
[Wed, 16 Jul 14 23:32:59 +1000][DEBUG] Public page read in Pcan\Controllers\ControllerBase
[Wed, 16 Jul 14 23:33:13 +1000][DEBUG] Private page blog in Pcan\Controllers\ControllerBase
[Wed, 16 Jul 14 23:33:16 +1000][DEBUG] Private page blog in Pcan\Controllers\ControllerBase
[Wed, 16 Jul 14 23:33:16 +1000][DEBUG] Private page blog in Pcan\Controllers\ControllerBase
[Wed, 16 Jul 14 23:33:31 +1000][DEBUG] Public page read in Pcan\Controllers\ControllerBase
[Wed, 16 Jul 14 23:33:39 +1000][DEBUG] Private page blog in Pcan\Controllers\ControllerBase
[Wed, 16 Jul 14 23:33:51 +1000][DEBUG] Private page blog in Pcan\Controllers\ControllerBase
[Wed, 16 Jul 14 23:33:58 +1000][DEBUG] Private page blog in Pcan\Controllers\ControllerBase
[Wed, 16 Jul 14 23:34:06 +1000][DEBUG] Private page blog in Pcan\Controllers\ControllerBase
[Wed, 16 Jul 14 23:34:09 +1000][DEBUG] Private page blog in Pcan\Controllers\ControllerBase
[Wed, 16 Jul 14 23:39:06 +1000][DEBUG] Private page blog in Pcan\Controllers\ControllerBase
[Wed, 16 Jul 14 23:39:09 +1000][DEBUG] Private page blog in Pcan\Controllers\ControllerBase
[Wed, 16 Jul 14 23:40:52 +1000][DEBUG] Private page blog in Pcan\Controllers\ControllerBase
[Wed, 16 Jul 14 23:42:39 +1000][DEBUG] Private page blog in Pcan\Controllers\ControllerBase
[Wed, 16 Jul 14 23:43:01 +1000][DEBUG] Private page blog in Pcan\Controllers\ControllerBase
[Wed, 16 Jul 14 23:44:03 +1000][DEBUG] Private page blog in Pcan\Controllers\ControllerBase
[Wed, 16 Jul 14 23:44:19 +1000][DEBUG] Private page blog in Pcan\Controllers\ControllerBase
[Wed, 16 Jul 14 23:44:25 +1000][DEBUG] Private page blog in Pcan\Controllers\ControllerBase
[Wed, 16 Jul 14 23:44:28 +1000][DEBUG] Private page blog in Pcan\Controllers\ControllerBase
[Wed, 16 Jul 14 23:44:30 +1000][DEBUG] Private page blog in Pcan\Controllers\ControllerBase
[Wed, 16 Jul 14 23:44:33 +1000][DEBUG] Private page blog in Pcan\Controllers\ControllerBase
[Wed, 16 Jul 14 23:49:14 +1000][DEBUG] Private page blog in Pcan\Controllers\ControllerBase
[Wed, 16 Jul 14 23:49:19 +1000][DEBUG] Public page session in Pcan\Controllers\ControllerBase
[Wed, 16 Jul 14 23:49:20 +1000][DEBUG] Public page index in Pcan\Controllers\ControllerBase
[Wed, 16 Jul 14 23:49:20 +1000][DEBUG] Public page index in Pcan\Controllers\ControllerBase
[Wed, 16 Jul 14 23:49:20 +1000][DEBUG] Public page index in Pcan\Controllers\ControllerBase
[Wed, 16 Jul 14 23:49:22 +1000][DEBUG] Public page session in Pcan\Controllers\ControllerBase
[Wed, 16 Jul 14 23:49:27 +1000][DEBUG] Public page session in Pcan\Controllers\ControllerBase
[Wed, 16 Jul 14 23:49:28 +1000][DEBUG] Private page myaccount in Pcan\Controllers\ControllerBase
[Wed, 16 Jul 14 23:49:33 +1000][DEBUG] Private page blog in Pcan\Controllers\ControllerBase
[Wed, 16 Jul 14 23:49:39 +1000][DEBUG] Private page blog in Pcan\Controllers\ControllerBase
[Wed, 16 Jul 14 23:49:46 +1000][DEBUG] Private page blog in Pcan\Controllers\ControllerBase
[Thu, 17 Jul 14 00:11:49 +1000][DEBUG] Private page blog in Pcan\Controllers\ControllerBase
[Thu, 17 Jul 14 00:12:06 +1000][DEBUG] Private page blog in Pcan\Controllers\ControllerBase
[Thu, 17 Jul 14 00:12:15 +1000][DEBUG] Private page blog in Pcan\Controllers\ControllerBase
[Thu, 17 Jul 14 00:13:33 +1000][DEBUG] Private page blog in Pcan\Controllers\ControllerBase
[Thu, 17 Jul 14 00:13:34 +1000][DEBUG] Private page blog in Pcan\Controllers\ControllerBase
[Thu, 17 Jul 14 00:15:40 +1000][DEBUG] Private page blog in Pcan\Controllers\ControllerBase
[Thu, 17 Jul 14 00:15:43 +1000][DEBUG] Private page blog in Pcan\Controllers\ControllerBase
[Thu, 17 Jul 14 00:15:44 +1000][DEBUG] Private page blog in Pcan\Controllers\ControllerBase
[Thu, 17 Jul 14 00:16:01 +1000][DEBUG] Private page blog in Pcan\Controllers\ControllerBase
[Thu, 17 Jul 14 00:16:09 +1000][DEBUG] Private page blog in Pcan\Controllers\ControllerBase
[Thu, 17 Jul 14 00:16:12 +1000][DEBUG] Private page blog in Pcan\Controllers\ControllerBase
[Thu, 17 Jul 14 00:16:22 +1000][DEBUG] Private page blog in Pcan\Controllers\ControllerBase
[Thu, 17 Jul 14 00:18:46 +1000][DEBUG] Private page blog in Pcan\Controllers\ControllerBase
[Thu, 17 Jul 14 00:18:49 +1000][DEBUG] Private page blog in Pcan\Controllers\ControllerBase
[Thu, 17 Jul 14 00:19:36 +1000][DEBUG] Private page blog in Pcan\Controllers\ControllerBase
[Thu, 17 Jul 14 00:19:36 +1000][DEBUG] Private page blog in Pcan\Controllers\ControllerBase
[Thu, 17 Jul 14 00:19:45 +1000][DEBUG] Private page blog in Pcan\Controllers\ControllerBase
[Thu, 17 Jul 14 00:20:00 +1000][DEBUG] Private page blog in Pcan\Controllers\ControllerBase
[Thu, 17 Jul 14 00:20:06 +1000][DEBUG] Public page session in Pcan\Controllers\ControllerBase
[Thu, 17 Jul 14 00:20:06 +1000][DEBUG] Public page index in Pcan\Controllers\ControllerBase
[Thu, 17 Jul 14 00:20:06 +1000][DEBUG] Public page index in Pcan\Controllers\ControllerBase
[Thu, 17 Jul 14 00:20:06 +1000][DEBUG] Public page index in Pcan\Controllers\ControllerBase
[Thu, 17 Jul 14 00:20:08 +1000][DEBUG] Public page session in Pcan\Controllers\ControllerBase
[Thu, 17 Jul 14 00:20:15 +1000][DEBUG] Public page session in Pcan\Controllers\ControllerBase
[Thu, 17 Jul 14 00:20:15 +1000][DEBUG] Private page myaccount in Pcan\Controllers\ControllerBase
[Thu, 17 Jul 14 00:20:20 +1000][DEBUG] Private page blog in Pcan\Controllers\ControllerBase
[Thu, 17 Jul 14 00:20:25 +1000][DEBUG] Private page blog in Pcan\Controllers\ControllerBase
[Thu, 17 Jul 14 00:20:35 +1000][DEBUG] Private page blog in Pcan\Controllers\ControllerBase
[Thu, 17 Jul 14 00:50:22 +1000][DEBUG] Public page index in Pcan\Controllers\ControllerBase
[Thu, 17 Jul 14 00:50:22 +1000][DEBUG] Public page index in Pcan\Controllers\ControllerBase
[Thu, 17 Jul 14 00:50:22 +1000][DEBUG] Public page index in Pcan\Controllers\ControllerBase
[Thu, 17 Jul 14 00:50:22 +1000][DEBUG] Public page index in Pcan\Controllers\ControllerBase
[Thu, 17 Jul 14 00:50:24 +1000][DEBUG] Public page session in Pcan\Controllers\ControllerBase
[Thu, 17 Jul 14 00:50:24 +1000][DEBUG] Public page index in Pcan\Controllers\ControllerBase
[Thu, 17 Jul 14 00:50:25 +1000][DEBUG] Public page index in Pcan\Controllers\ControllerBase
[Thu, 17 Jul 14 00:50:25 +1000][DEBUG] Public page index in Pcan\Controllers\ControllerBase
[Thu, 17 Jul 14 00:50:27 +1000][DEBUG] Public page session in Pcan\Controllers\ControllerBase
